Tue Aug 28 02:43:04 2012 [27827][-none-][FATAL] Configuration variable date.timezone is not set, guessed timezone America/New_York. Please set date.timezone="America/New_York" in php.ini!
Tue Aug 28 02:53:05 2012 [28154][-none-][FATAL] Configuration variable date.timezone is not set, guessed timezone America/New_York. Please set date.timezone="America/New_York" in php.ini!
Tue Aug 28 03:03:06 2012 [28386][-none-][FATAL] Configuration variable date.timezone is not set, guessed timezone America/New_York. Please set date.timezone="America/New_York" in php.ini!
Tue Aug 28 03:08:25 2012 [9331][-none-][FATAL] Configuration variable date.timezone is not set, guessed timezone America/New_York. Please set date.timezone="America/New_York" in php.ini!
Tue Aug 28 03:08:30 2012 [9335][-none-][FATAL] Configuration variable date.timezone is not set, guessed timezone America/New_York. Please set date.timezone="America/New_York" in php.ini!
Tue Aug 28 03:08:30 2012 [9338][-none-][FATAL] Configuration variable date.timezone is not set, guessed timezone America/New_York. Please set date.timezone="America/New_York" in php.ini!
Tue Aug 28 03:08:30 2012 [9337][-none-][FATAL] Configuration variable date.timezone is not set, guessed timezone America/New_York. Please set date.timezone="America/New_York" in php.ini!
Tue Aug 28 03:08:31 2012 [9340][-none-][FATAL] Configuration variable date.timezone is not set, guessed timezone America/New_York. Please set date.timezone="America/New_York" in php.ini!
Tue Aug 28 03:08:31 2012 [9339][-none-][FATAL] Configuration variable date.timezone is not set, guessed timezone America/New_York. Please set date.timezone="America/New_York" in php.ini!
Tue Aug 28 03:08:39 2012 [9347][-none-][FATAL] Configuration variable date.timezone is not set, guessed timezone America/New_York. Please set date.timezone="America/New_York" in php.ini!
Tue Aug 28 03:08:59 2012 [9354][-none-][FATAL] Configuration variable date.timezone is not set, guessed timezone America/New_York. Please set date.timezone="America/New_York" in php.ini!
Tue Aug 28 03:09:31 2012 [9360][-none-][FATAL] Configuration variable date.timezone is not set, guessed timezone America/New_York. Please set date.timezone="America/New_York" in php.ini!
Tue Aug 28 03:10:18 2012 [9387][-none-][FATAL] Configuration variable date.timezone is not set, guessed timezone America/New_York. Please set date.timezone="America/New_York" in php.ini!
Tue Aug 28 03:10:19 2012 [9389][-none-][FATAL] Configuration variable date.timezone is not set, guessed timezone America/New_York. Please set date.timezone="America/New_York" in php.ini!
Tue Aug 28 03:10:26 2012 [9395][-none-][FATAL] Configuration variable date.timezone is not set, guessed timezone America/New_York. Please set date.timezone="America/New_York" in php.ini!
Tue Aug 28 03:10:26 2012 [9397][-none-][FATAL] Configuration variable date.timezone is not set, guessed timezone America/New_York. Please set date.timezone="America/New_York" in php.ini!
Tue Aug 28 03:10:27 2012 [9397][50d230b9-96a6-23c3-f03a-4fd526b907e2][FATAL]  Query Failed:  SELECT * FROM accounts  SELECT distinct 
                            accounts.id,
                            accounts.`name`,
                            accounts.date_entered,
                            accounts.assigned_user_id,
                            accounts.billing_address_city,
                            accounts.billing_address_country,
                            accounts.phone_office,
                            accounts.phone_alternate,
                            accounts.parent_id,
                            accounts.first_name,
                            accounts.last_name,
                            accounts.mobile
 FROM accounts LEFT JOIN cases ON cases.account_id = accounts.id LEFT JOIN c_case_status ON cases.status = c_case_status.id  WHERE accounts.name like '%%' AND accounts.deleted = '0' WHERE (c_case_status.order_no < 20 AND accounts.id not in (select accounts.id from accounts LEFT JOIN cases ON cases.account_id = accounts.id LEFT JOIN c_case_status ON cases.status = c_case_status.id
 where c_case_status.order_no >= 20 AND accounts.deleted = '0' AND cases.deleted = '0' AND c_case_status.deleted = '0') AND cases.deleted = '0' AND c_case_status.deleted = '0') || (accounts.id not in(select cases.account_id from cases where cases.deleted = '0')) AND accounts.deleted = '0' AND accounts.assigned_user_id = '50d230b9-96a6-23c3-f03a-4fd526b907e2' ORDER BY accounts.date_entered DESC LIMIT 0,6: MySQL error 1064: You have an error in your SQL syntax; check the manual that corresponds to your MySQL server version for the right syntax to use near 'SELECT distinct 
                            accounts.id,
                      ' at line 1
Tue Aug 28 03:10:37 2012 [9403][-none-][FATAL] Configuration variable date.timezone is not set, guessed timezone America/New_York. Please set date.timezone="America/New_York" in php.ini!
Tue Aug 28 03:10:37 2012 [9403][50d230b9-96a6-23c3-f03a-4fd526b907e2][FATAL]  Query Failed:  SELECT * FROM accounts  SELECT distinct 
                            accounts.id,
                            accounts.`name`,
                            accounts.date_entered,
                            accounts.assigned_user_id,
                            accounts.billing_address_city,
                            accounts.billing_address_country,
                            accounts.phone_office,
                            accounts.phone_alternate,
                            accounts.parent_id,
                            accounts.first_name,
                            accounts.last_name,
                            accounts.mobile
 FROM accounts LEFT JOIN cases ON cases.account_id = accounts.id LEFT JOIN c_case_status ON cases.status = c_case_status.id  WHERE accounts.name like '%%' AND accounts.deleted = '0' WHERE (c_case_status.order_no < 20 AND accounts.id not in (select accounts.id from accounts LEFT JOIN cases ON cases.account_id = accounts.id LEFT JOIN c_case_status ON cases.status = c_case_status.id
 where c_case_status.order_no >= 20 AND accounts.deleted = '0' AND cases.deleted = '0' AND c_case_status.deleted = '0') AND cases.deleted = '0' AND c_case_status.deleted = '0') || (accounts.id not in(select cases.account_id from cases where cases.deleted = '0')) AND accounts.deleted = '0' AND accounts.assigned_user_id = '50d230b9-96a6-23c3-f03a-4fd526b907e2' ORDER BY accounts.date_entered DESC LIMIT 0,6: MySQL error 1064: You have an error in your SQL syntax; check the manual that corresponds to your MySQL server version for the right syntax to use near 'SELECT distinct 
                            accounts.id,
                      ' at line 1
Tue Aug 28 03:10:38 2012 [9405][-none-][FATAL] Configuration variable date.timezone is not set, guessed timezone America/New_York. Please set date.timezone="America/New_York" in php.ini!
Tue Aug 28 03:10:38 2012 [9408][-none-][FATAL] Configuration variable date.timezone is not set, guessed timezone America/New_York. Please set date.timezone="America/New_York" in php.ini!
Tue Aug 28 03:10:38 2012 [9405][50d230b9-96a6-23c3-f03a-4fd526b907e2][FATAL]  Query Failed:  SELECT * FROM accounts  SELECT distinct 
                            accounts.id,
                            accounts.`name`,
                            accounts.date_entered,
                            accounts.assigned_user_id,
                            accounts.billing_address_city,
                            accounts.billing_address_country,
                            accounts.phone_office,
                            accounts.phone_alternate,
                            accounts.parent_id,
                            accounts.first_name,
                            accounts.last_name,
                            accounts.mobile
 FROM accounts LEFT JOIN cases ON cases.account_id = accounts.id LEFT JOIN c_case_status ON cases.status = c_case_status.id  WHERE accounts.name like '%%' AND accounts.deleted = '0' WHERE (c_case_status.order_no < 20 AND accounts.id not in (select accounts.id from accounts LEFT JOIN cases ON cases.account_id = accounts.id LEFT JOIN c_case_status ON cases.status = c_case_status.id
 where c_case_status.order_no >= 20 AND accounts.deleted = '0' AND cases.deleted = '0' AND c_case_status.deleted = '0') AND cases.deleted = '0' AND c_case_status.deleted = '0') || (accounts.id not in(select cases.account_id from cases where cases.deleted = '0')) AND accounts.deleted = '0' AND accounts.assigned_user_id = '50d230b9-96a6-23c3-f03a-4fd526b907e2' ORDER BY accounts.date_entered DESC LIMIT 0,6: MySQL error 1064: You have an error in your SQL syntax; check the manual that corresponds to your MySQL server version for the right syntax to use near 'SELECT distinct 
                            accounts.id,
                      ' at line 1
Tue Aug 28 03:10:39 2012 [9410][-none-][FATAL] Configuration variable date.timezone is not set, guessed timezone America/New_York. Please set date.timezone="America/New_York" in php.ini!
Tue Aug 28 03:10:39 2012 [9411][-none-][FATAL] Configuration variable date.timezone is not set, guessed timezone America/New_York. Please set date.timezone="America/New_York" in php.ini!
Tue Aug 28 03:10:44 2012 [9444][-none-][FATAL] Configuration variable date.timezone is not set, guessed timezone America/New_York. Please set date.timezone="America/New_York" in php.ini!
Tue Aug 28 03:10:44 2012 [9450][-none-][FATAL] Configuration variable date.timezone is not set, guessed timezone America/New_York. Please set date.timezone="America/New_York" in php.ini!
Tue Aug 28 03:10:49 2012 [9452][-none-][FATAL] Configuration variable date.timezone is not set, guessed timezone America/New_York. Please set date.timezone="America/New_York" in php.ini!
Tue Aug 28 03:10:49 2012 [9454][-none-][FATAL] Configuration variable date.timezone is not set, guessed timezone America/New_York. Please set date.timezone="America/New_York" in php.ini!
Tue Aug 28 03:10:56 2012 [9456][-none-][FATAL] Configuration variable date.timezone is not set, guessed timezone America/New_York. Please set date.timezone="America/New_York" in php.ini!
Tue Aug 28 03:10:58 2012 [9458][-none-][FATAL] Configuration variable date.timezone is not set, guessed timezone America/New_York. Please set date.timezone="America/New_York" in php.ini!
Tue Aug 28 03:11:01 2012 [9460][-none-][FATAL] Configuration variable date.timezone is not set, guessed timezone America/New_York. Please set date.timezone="America/New_York" in php.ini!
Tue Aug 28 03:11:05 2012 [9466][-none-][FATAL] Configuration variable date.timezone is not set, guessed timezone America/New_York. Please set date.timezone="America/New_York" in php.ini!
Tue Aug 28 03:11:08 2012 [9470][-none-][FATAL] Configuration variable date.timezone is not set, guessed timezone America/New_York. Please set date.timezone="America/New_York" in php.ini!
Tue Aug 28 03:11:16 2012 [9473][-none-][FATAL] Configuration variable date.timezone is not set, guessed timezone America/New_York. Please set date.timezone="America/New_York" in php.ini!
Tue Aug 28 03:11:17 2012 [9475][-none-][FATAL] Configuration variable date.timezone is not set, guessed timezone America/New_York. Please set date.timezone="America/New_York" in php.ini!
Tue Aug 28 03:11:21 2012 [9478][-none-][FATAL] Configuration variable date.timezone is not set, guessed timezone America/New_York. Please set date.timezone="America/New_York" in php.ini!
Tue Aug 28 03:11:28 2012 [9480][-none-][FATAL] Configuration variable date.timezone is not set, guessed timezone America/New_York. Please set date.timezone="America/New_York" in php.ini!
Tue Aug 28 03:13:07 2012 [9518][-none-][FATAL] Configuration variable date.timezone is not set, guessed timezone America/New_York. Please set date.timezone="America/New_York" in php.ini!
Tue Aug 28 03:23:08 2012 [9744][-none-][FATAL] Configuration variable date.timezone is not set, guessed timezone America/New_York. Please set date.timezone="America/New_York" in php.ini!
Tue Aug 28 03:33:09 2012 [9980][-none-][FATAL] Configuration variable date.timezone is not set, guessed timezone America/New_York. Please set date.timezone="America/New_York" in php.ini!
Tue Aug 28 03:34:41 2012 [9997][-none-][FATAL] Configuration variable date.timezone is not set, guessed timezone America/New_York. Please set date.timezone="America/New_York" in php.ini!
Tue Aug 28 03:34:42 2012 [9999][-none-][FATAL] Configuration variable date.timezone is not set, guessed timezone America/New_York. Please set date.timezone="America/New_York" in php.ini!
Tue Aug 28 03:34:44 2012 [10001][-none-][FATAL] Configuration variable date.timezone is not set, guessed timezone America/New_York. Please set date.timezone="America/New_York" in php.ini!
Tue Aug 28 03:34:45 2012 [10002][-none-][FATAL] Configuration variable date.timezone is not set, guessed timezone America/New_York. Please set date.timezone="America/New_York" in php.ini!
Tue Aug 28 03:34:45 2012 [10004][-none-][FATAL] Configuration variable date.timezone is not set, guessed timezone America/New_York. Please set date.timezone="America/New_York" in php.ini!
Tue Aug 28 03:43:10 2012 [11403][-none-][FATAL] Configuration variable date.timezone is not set, guessed timezone America/New_York. Please set date.timezone="America/New_York" in php.ini!
Tue Aug 28 03:53:11 2012 [11664][-none-][FATAL] Configuration variable date.timezone is not set, guessed timezone America/New_York. Please set date.timezone="America/New_York" in php.ini!
Tue Aug 28 04:03:12 2012 [11905][-none-][FATAL] Configuration variable date.timezone is not set, guessed timezone America/New_York. Please set date.timezone="America/New_York" in php.ini!
Tue Aug 28 04:13:13 2012 [12140][-none-][FATAL] Configuration variable date.timezone is not set, guessed timezone America/New_York. Please set date.timezone="America/New_York" in php.ini!
Tue Aug 28 04:21:21 2012 [13404][-none-][FATAL] Configuration variable date.timezone is not set, guessed timezone America/New_York. Please set date.timezone="America/New_York" in php.ini!
Tue Aug 28 04:21:32 2012 [13423][-none-][FATAL] Configuration variable date.timezone is not set, guessed timezone America/New_York. Please set date.timezone="America/New_York" in php.ini!
Tue Aug 28 04:21:57 2012 [13454][-none-][FATAL] Configuration variable date.timezone is not set, guessed timezone America/New_York. Please set date.timezone="America/New_York" in php.ini!
Tue Aug 28 04:22:05 2012 [13465][-none-][FATAL] Configuration variable date.timezone is not set, guessed timezone America/New_York. Please set date.timezone="America/New_York" in php.ini!
Tue Aug 28 04:22:18 2012 [13478][-none-][FATAL] Configuration variable date.timezone is not set, guessed timezone America/New_York. Please set date.timezone="America/New_York" in php.ini!
Tue Aug 28 04:22:20 2012 [13480][-none-][FATAL] Configuration variable date.timezone is not set, guessed timezone America/New_York. Please set date.timezone="America/New_York" in php.ini!
Tue Aug 28 04:22:21 2012 [13483][-none-][FATAL] Configuration variable date.timezone is not set, guessed timezone America/New_York. Please set date.timezone="America/New_York" in php.ini!
Tue Aug 28 04:22:28 2012 [13485][-none-][FATAL] Configuration variable date.timezone is not set, guessed timezone America/New_York. Please set date.timezone="America/New_York" in php.ini!
Tue Aug 28 04:22:33 2012 [13490][-none-][FATAL] Configuration variable date.timezone is not set, guessed timezone America/New_York. Please set date.timezone="America/New_York" in php.ini!
Tue Aug 28 04:22:39 2012 [13504][-none-][FATAL] Configuration variable date.timezone is not set, guessed timezone America/New_York. Please set date.timezone="America/New_York" in php.ini!
Tue Aug 28 04:22:40 2012 [13506][-none-][FATAL] Configuration variable date.timezone is not set, guessed timezone America/New_York. Please set date.timezone="America/New_York" in php.ini!
Tue Aug 28 04:22:48 2012 [13508][-none-][FATAL] Configuration variable date.timezone is not set, guessed timezone America/New_York. Please set date.timezone="America/New_York" in php.ini!
Tue Aug 28 04:22:49 2012 [13511][-none-][FATAL] Configuration variable date.timezone is not set, guessed timezone America/New_York. Please set date.timezone="America/New_York" in php.ini!
Tue Aug 28 04:22:52 2012 [13514][-none-][FATAL] Configuration variable date.timezone is not set, guessed timezone America/New_York. Please set date.timezone="America/New_York" in php.ini!
Tue Aug 28 04:22:58 2012 [13516][-none-][FATAL] Configuration variable date.timezone is not set, guessed timezone America/New_York. Please set date.timezone="America/New_York" in php.ini!
Tue Aug 28 04:22:59 2012 [13518][-none-][FATAL] Configuration variable date.timezone is not set, guessed timezone America/New_York. Please set date.timezone="America/New_York" in php.ini!
Tue Aug 28 04:23:05 2012 [13522][-none-][FATAL] Configuration variable date.timezone is not set, guessed timezone America/New_York. Please set date.timezone="America/New_York" in php.ini!
Tue Aug 28 04:23:06 2012 [13524][-none-][FATAL] Configuration variable date.timezone is not set, guessed timezone America/New_York. Please set date.timezone="America/New_York" in php.ini!
Tue Aug 28 04:23:15 2012 [13526][-none-][FATAL] Configuration variable date.timezone is not set, guessed timezone America/New_York. Please set date.timezone="America/New_York" in php.ini!
Tue Aug 28 04:26:40 2012 [13583][-none-][FATAL] Configuration variable date.timezone is not set, guessed timezone America/New_York. Please set date.timezone="America/New_York" in php.ini!
Tue Aug 28 04:26:41 2012 [13586][-none-][FATAL] Configuration variable date.timezone is not set, guessed timezone America/New_York. Please set date.timezone="America/New_York" in php.ini!
Tue Aug 28 04:26:49 2012 [13597][-none-][FATAL] Configuration variable date.timezone is not set, guessed timezone America/New_York. Please set date.timezone="America/New_York" in php.ini!
Tue Aug 28 04:33:16 2012 [13793][-none-][FATAL] Configuration variable date.timezone is not set, guessed timezone America/New_York. Please set date.timezone="America/New_York" in php.ini!
Tue Aug 28 04:36:16 2012 [13840][-none-][FATAL] Configuration variable date.timezone is not set, guessed timezone America/New_York. Please set date.timezone="America/New_York" in php.ini!
Tue Aug 28 04:36:21 2012 [13848][-none-][FATAL] Configuration variable date.timezone is not set, guessed timezone America/New_York. Please set date.timezone="America/New_York" in php.ini!
Tue Aug 28 04:36:23 2012 [13850][-none-][FATAL] Configuration variable date.timezone is not set, guessed timezone America/New_York. Please set date.timezone="America/New_York" in php.ini!
Tue Aug 28 04:37:02 2012 [13868][-none-][FATAL] Configuration variable date.timezone is not set, guessed timezone America/New_York. Please set date.timezone="America/New_York" in php.ini!
Tue Aug 28 04:42:17 2012 [14030][-none-][FATAL] Configuration variable date.timezone is not set, guessed timezone America/New_York. Please set date.timezone="America/New_York" in php.ini!
Tue Aug 28 04:42:17 2012 [14032][-none-][FATAL] Configuration variable date.timezone is not set, guessed timezone America/New_York. Please set date.timezone="America/New_York" in php.ini!
Tue Aug 28 04:42:18 2012 [14034][-none-][FATAL] Configuration variable date.timezone is not set, guessed timezone America/New_York. Please set date.timezone="America/New_York" in php.ini!
Tue Aug 28 04:42:18 2012 [14035][-none-][FATAL] Configuration variable date.timezone is not set, guessed timezone America/New_York. Please set date.timezone="America/New_York" in php.ini!
Tue Aug 28 04:42:21 2012 [14038][-none-][FATAL] Configuration variable date.timezone is not set, guessed timezone America/New_York. Please set date.timezone="America/New_York" in php.ini!
Tue Aug 28 04:42:21 2012 [14040][-none-][FATAL] Configuration variable date.timezone is not set, guessed timezone America/New_York. Please set date.timezone="America/New_York" in php.ini!
Tue Aug 28 04:42:29 2012 [14050][-none-][FATAL] Configuration variable date.timezone is not set, guessed timezone America/New_York. Please set date.timezone="America/New_York" in php.ini!
Tue Aug 28 04:42:30 2012 [14052][-none-][FATAL] Configuration variable date.timezone is not set, guessed timezone America/New_York. Please set date.timezone="America/New_York" in php.ini!
Tue Aug 28 04:42:46 2012 [14058][-none-][FATAL] Configuration variable date.timezone is not set, guessed timezone America/New_York. Please set date.timezone="America/New_York" in php.ini!
Tue Aug 28 04:43:17 2012 [14096][-none-][FATAL] Configuration variable date.timezone is not set, guessed timezone America/New_York. Please set date.timezone="America/New_York" in php.ini!
Tue Aug 28 04:53:18 2012 [15441][-none-][FATAL] Configuration variable date.timezone is not set, guessed timezone America/New_York. Please set date.timezone="America/New_York" in php.ini!
Tue Aug 28 04:58:45 2012 [15559][-none-][FATAL] Configuration variable date.timezone is not set, guessed timezone America/New_York. Please set date.timezone="America/New_York" in php.ini!
Tue Aug 28 05:03:19 2012 [15674][-none-][FATAL] Configuration variable date.timezone is not set, guessed timezone America/New_York. Please set date.timezone="America/New_York" in php.ini!
Tue Aug 28 05:13:20 2012 [15924][-none-][FATAL] Configuration variable date.timezone is not set, guessed timezone America/New_York. Please set date.timezone="America/New_York" in php.ini!
Tue Aug 28 05:23:22 2012 [16194][-none-][FATAL] Configuration variable date.timezone is not set, guessed timezone America/New_York. Please set date.timezone="America/New_York" in php.ini!
Tue Aug 28 05:33:23 2012 [17458][-none-][FATAL] Configuration variable date.timezone is not set, guessed timezone America/New_York. Please set date.timezone="America/New_York" in php.ini!
Tue Aug 28 05:43:24 2012 [17657][-none-][FATAL] Configuration variable date.timezone is not set, guessed timezone America/New_York. Please set date.timezone="America/New_York" in php.ini!
Tue Aug 28 05:53:25 2012 [17880][-none-][FATAL] Configuration variable date.timezone is not set, guessed timezone America/New_York. Please set date.timezone="America/New_York" in php.ini!
Tue Aug 28 06:03:26 2012 [19490][-none-][FATAL] Configuration variable date.timezone is not set, guessed timezone America/New_York. Please set date.timezone="America/New_York" in php.ini!
Tue Aug 28 06:13:27 2012 [19982][-none-][FATAL] Configuration variable date.timezone is not set, guessed timezone America/New_York. Please set date.timezone="America/New_York" in php.ini!
Tue Aug 28 06:23:28 2012 [20225][-none-][FATAL] Configuration variable date.timezone is not set, guessed timezone America/New_York. Please set date.timezone="America/New_York" in php.ini!
Tue Aug 28 06:31:46 2012 [20451][-none-][FATAL] Configuration variable date.timezone is not set, guessed timezone America/New_York. Please set date.timezone="America/New_York" in php.ini!
Tue Aug 28 06:31:52 2012 [20454][-none-][FATAL] Configuration variable date.timezone is not set, guessed timezone America/New_York. Please set date.timezone="America/New_York" in php.ini!
Tue Aug 28 06:31:52 2012 [20455][-none-][FATAL] Configuration variable date.timezone is not set, guessed timezone America/New_York. Please set date.timezone="America/New_York" in php.ini!
Tue Aug 28 06:31:52 2012 [20458][-none-][FATAL] Configuration variable date.timezone is not set, guessed timezone America/New_York. Please set date.timezone="America/New_York" in php.ini!
Tue Aug 28 06:31:52 2012 [20456][-none-][FATAL] Configuration variable date.timezone is not set, guessed timezone America/New_York. Please set date.timezone="America/New_York" in php.ini!
Tue Aug 28 06:31:52 2012 [20457][-none-][FATAL] Configuration variable date.timezone is not set, guessed timezone America/New_York. Please set date.timezone="America/New_York" in php.ini!
Tue Aug 28 06:32:09 2012 [20469][-none-][FATAL] Configuration variable date.timezone is not set, guessed timezone America/New_York. Please set date.timezone="America/New_York" in php.ini!
Tue Aug 28 06:32:13 2012 [20471][-none-][FATAL] Configuration variable date.timezone is not set, guessed timezone America/New_York. Please set date.timezone="America/New_York" in php.ini!
Tue Aug 28 06:33:29 2012 [21546][-none-][FATAL] Configuration variable date.timezone is not set, guessed timezone America/New_York. Please set date.timezone="America/New_York" in php.ini!
Tue Aug 28 06:35:48 2012 [21616][-none-][FATAL] Configuration variable date.timezone is not set, guessed timezone America/New_York. Please set date.timezone="America/New_York" in php.ini!
Tue Aug 28 06:35:48 2012 [21618][-none-][FATAL] Configuration variable date.timezone is not set, guessed timezone America/New_York. Please set date.timezone="America/New_York" in php.ini!
Tue Aug 28 06:35:52 2012 [21620][-none-][FATAL] Configuration variable date.timezone is not set, guessed timezone America/New_York. Please set date.timezone="America/New_York" in php.ini!
Tue Aug 28 06:35:52 2012 [21621][-none-][FATAL] Configuration variable date.timezone is not set, guessed timezone America/New_York. Please set date.timezone="America/New_York" in php.ini!
Tue Aug 28 06:35:52 2012 [21622][-none-][FATAL] Configuration variable date.timezone is not set, guessed timezone America/New_York. Please set date.timezone="America/New_York" in php.ini!
Tue Aug 28 06:35:57 2012 [21626][-none-][FATAL] Configuration variable date.timezone is not set, guessed timezone America/New_York. Please set date.timezone="America/New_York" in php.ini!
Tue Aug 28 06:35:58 2012 [21628][-none-][FATAL] Configuration variable date.timezone is not set, guessed timezone America/New_York. Please set date.timezone="America/New_York" in php.ini!
Tue Aug 28 06:36:01 2012 [21628][50d230b9-96a6-23c3-f03a-4fd526b907e2][FATAL]  Query Failed:  SELECT * FROM accounts  SELECT distinct 
                            accounts.id,
                            accounts.`name`,
                            accounts.date_entered,
                            accounts.assigned_user_id,
                            accounts.billing_address_city,
                            accounts.billing_address_country,
                            accounts.phone_office,
                            accounts.phone_alternate,
                            accounts.parent_id,
                            accounts.first_name,
                            accounts.last_name,
                            accounts.mobile
 FROM accounts LEFT JOIN cases ON cases.account_id = accounts.id LEFT JOIN c_case_status ON cases.status = c_case_status.id  WHERE accounts.name like '%%' AND accounts.deleted = '0' WHERE (c_case_status.order_no < 20 AND accounts.id not in (select accounts.id from accounts LEFT JOIN cases ON cases.account_id = accounts.id LEFT JOIN c_case_status ON cases.status = c_case_status.id
 where c_case_status.order_no >= 20 AND accounts.deleted = '0' AND cases.deleted = '0' AND c_case_status.deleted = '0') AND cases.deleted = '0' AND c_case_status.deleted = '0') || (accounts.id not in(select cases.account_id from cases where cases.deleted = '0')) AND accounts.deleted = '0' AND accounts.assigned_user_id = '50d230b9-96a6-23c3-f03a-4fd526b907e2' ORDER BY accounts.date_entered DESC LIMIT 0,6: MySQL error 1064: You have an error in your SQL syntax; check the manual that corresponds to your MySQL server version for the right syntax to use near 'SELECT distinct 
                            accounts.id,
                      ' at line 1
Tue Aug 28 06:36:06 2012 [21632][-none-][FATAL] Configuration variable date.timezone is not set, guessed timezone America/New_York. Please set date.timezone="America/New_York" in php.ini!
Tue Aug 28 06:36:06 2012 [21633][-none-][FATAL] Configuration variable date.timezone is not set, guessed timezone America/New_York. Please set date.timezone="America/New_York" in php.ini!
Tue Aug 28 06:36:06 2012 [21634][-none-][FATAL] Configuration variable date.timezone is not set, guessed timezone America/New_York. Please set date.timezone="America/New_York" in php.ini!
Tue Aug 28 06:36:07 2012 [21638][-none-][FATAL] Configuration variable date.timezone is not set, guessed timezone America/New_York. Please set date.timezone="America/New_York" in php.ini!
Tue Aug 28 06:36:07 2012 [21639][-none-][FATAL] Configuration variable date.timezone is not set, guessed timezone America/New_York. Please set date.timezone="America/New_York" in php.ini!
Tue Aug 28 06:36:07 2012 [21640][-none-][FATAL] Configuration variable date.timezone is not set, guessed timezone America/New_York. Please set date.timezone="America/New_York" in php.ini!
Tue Aug 28 06:36:12 2012 [21645][-none-][FATAL] Configuration variable date.timezone is not set, guessed timezone America/New_York. Please set date.timezone="America/New_York" in php.ini!
Tue Aug 28 06:36:13 2012 [21647][-none-][FATAL] Configuration variable date.timezone is not set, guessed timezone America/New_York. Please set date.timezone="America/New_York" in php.ini!
Tue Aug 28 06:36:13 2012 [21648][-none-][FATAL] Configuration variable date.timezone is not set, guessed timezone America/New_York. Please set date.timezone="America/New_York" in php.ini!
Tue Aug 28 06:36:42 2012 [21663][-none-][FATAL] Configuration variable date.timezone is not set, guessed timezone America/New_York. Please set date.timezone="America/New_York" in php.ini!
Tue Aug 28 06:36:45 2012 [21665][-none-][FATAL] Configuration variable date.timezone is not set, guessed timezone America/New_York. Please set date.timezone="America/New_York" in php.ini!
Tue Aug 28 06:37:09 2012 [21669][-none-][FATAL] Configuration variable date.timezone is not set, guessed timezone America/New_York. Please set date.timezone="America/New_York" in php.ini!
Tue Aug 28 06:37:12 2012 [21671][-none-][FATAL] Configuration variable date.timezone is not set, guessed timezone America/New_York. Please set date.timezone="America/New_York" in php.ini!
Tue Aug 28 06:37:16 2012 [21673][-none-][FATAL] Configuration variable date.timezone is not set, guessed timezone America/New_York. Please set date.timezone="America/New_York" in php.ini!
Tue Aug 28 06:37:19 2012 [21675][-none-][FATAL] Configuration variable date.timezone is not set, guessed timezone America/New_York. Please set date.timezone="America/New_York" in php.ini!
Tue Aug 28 06:37:26 2012 [21677][-none-][FATAL] Configuration variable date.timezone is not set, guessed timezone America/New_York. Please set date.timezone="America/New_York" in php.ini!
Tue Aug 28 06:37:28 2012 [21679][-none-][FATAL] Configuration variable date.timezone is not set, guessed timezone America/New_York. Please set date.timezone="America/New_York" in php.ini!
Tue Aug 28 06:38:18 2012 [21696][-none-][FATAL] Configuration variable date.timezone is not set, guessed timezone America/New_York. Please set date.timezone="America/New_York" in php.ini!
Tue Aug 28 06:38:20 2012 [21699][-none-][FATAL] Configuration variable date.timezone is not set, guessed timezone America/New_York. Please set date.timezone="America/New_York" in php.ini!
Tue Aug 28 06:38:30 2012 [21718][-none-][FATAL] Configuration variable date.timezone is not set, guessed timezone America/New_York. Please set date.timezone="America/New_York" in php.ini!
Tue Aug 28 06:38:33 2012 [21721][-none-][FATAL] Configuration variable date.timezone is not set, guessed timezone America/New_York. Please set date.timezone="America/New_York" in php.ini!
Tue Aug 28 06:38:39 2012 [21724][-none-][FATAL] Configuration variable date.timezone is not set, guessed timezone America/New_York. Please set date.timezone="America/New_York" in php.ini!
Tue Aug 28 06:38:41 2012 [21726][-none-][FATAL] Configuration variable date.timezone is not set, guessed timezone America/New_York. Please set date.timezone="America/New_York" in php.ini!
Tue Aug 28 06:38:47 2012 [21730][-none-][FATAL] Configuration variable date.timezone is not set, guessed timezone America/New_York. Please set date.timezone="America/New_York" in php.ini!
Tue Aug 28 06:38:49 2012 [21732][-none-][FATAL] Configuration variable date.timezone is not set, guessed timezone America/New_York. Please set date.timezone="America/New_York" in php.ini!
Tue Aug 28 06:43:30 2012 [21860][-none-][FATAL] Configuration variable date.timezone is not set, guessed timezone America/New_York. Please set date.timezone="America/New_York" in php.ini!
Tue Aug 28 06:53:31 2012 [22093][-none-][FATAL] Configuration variable date.timezone is not set, guessed timezone America/New_York. Please set date.timezone="America/New_York" in php.ini!
Tue Aug 28 07:03:32 2012 [22327][-none-][FATAL] Configuration variable date.timezone is not set, guessed timezone America/New_York. Please set date.timezone="America/New_York" in php.ini!
Tue Aug 28 07:12:11 2012 [22508][-none-][FATAL] Configuration variable date.timezone is not set, guessed timezone America/New_York. Please set date.timezone="America/New_York" in php.ini!
Tue Aug 28 07:13:27 2012 [22518][-none-][FATAL] Configuration variable date.timezone is not set, guessed timezone America/New_York. Please set date.timezone="America/New_York" in php.ini!
Tue Aug 28 07:13:28 2012 [22518][50d230b9-96a6-23c3-f03a-4fd526b907e2][FATAL]  Query Failed:  SELECT * FROM accounts  SELECT distinct 
                            accounts.id,
                            accounts.`name`,
                            accounts.date_entered,
                            accounts.assigned_user_id,
                            accounts.billing_address_city,
                            accounts.billing_address_country,
                            accounts.phone_office,
                            accounts.phone_alternate,
                            accounts.parent_id,
                            accounts.first_name,
                            accounts.last_name,
                            accounts.mobile
 FROM accounts LEFT JOIN cases ON cases.account_id = accounts.id LEFT JOIN c_case_status ON cases.status = c_case_status.id  WHERE accounts.name like '%%' AND accounts.deleted = '0' WHERE (c_case_status.order_no < 20 AND accounts.id not in (select accounts.id from accounts LEFT JOIN cases ON cases.account_id = accounts.id LEFT JOIN c_case_status ON cases.status = c_case_status.id
 where c_case_status.order_no >= 20 AND accounts.deleted = '0' AND cases.deleted = '0' AND c_case_status.deleted = '0') AND cases.deleted = '0' AND c_case_status.deleted = '0') || (accounts.id not in(select cases.account_id from cases where cases.deleted = '0')) AND accounts.deleted = '0' AND accounts.assigned_user_id = '50d230b9-96a6-23c3-f03a-4fd526b907e2' ORDER BY accounts.date_entered DESC LIMIT 0,6: MySQL error 1064: You have an error in your SQL syntax; check the manual that corresponds to your MySQL server version for the right syntax to use near 'SELECT distinct 
                            accounts.id,
                      ' at line 1
Tue Aug 28 07:13:32 2012 [22522][-none-][FATAL] Configuration variable date.timezone is not set, guessed timezone America/New_York. Please set date.timezone="America/New_York" in php.ini!
Tue Aug 28 07:13:32 2012 [22523][-none-][FATAL] Configuration variable date.timezone is not set, guessed timezone America/New_York. Please set date.timezone="America/New_York" in php.ini!
Tue Aug 28 07:13:32 2012 [22526][-none-][FATAL] Configuration variable date.timezone is not set, guessed timezone America/New_York. Please set date.timezone="America/New_York" in php.ini!
Tue Aug 28 07:13:32 2012 [22524][-none-][FATAL] Configuration variable date.timezone is not set, guessed timezone America/New_York. Please set date.timezone="America/New_York" in php.ini!
Tue Aug 28 07:13:32 2012 [22525][-none-][FATAL] Configuration variable date.timezone is not set, guessed timezone America/New_York. Please set date.timezone="America/New_York" in php.ini!
Tue Aug 28 07:13:33 2012 [23557][-none-][FATAL] Configuration variable date.timezone is not set, guessed timezone America/New_York. Please set date.timezone="America/New_York" in php.ini!
Tue Aug 28 07:13:33 2012 [23558][-none-][FATAL] Configuration variable date.timezone is not set, guessed timezone America/New_York. Please set date.timezone="America/New_York" in php.ini!
Tue Aug 28 07:13:35 2012 [23564][-none-][FATAL] Configuration variable date.timezone is not set, guessed timezone America/New_York. Please set date.timezone="America/New_York" in php.ini!
Tue Aug 28 07:13:38 2012 [23568][-none-][FATAL] Configuration variable date.timezone is not set, guessed timezone America/New_York. Please set date.timezone="America/New_York" in php.ini!
Tue Aug 28 07:13:38 2012 [23567][-none-][FATAL] Configuration variable date.timezone is not set, guessed timezone America/New_York. Please set date.timezone="America/New_York" in php.ini!
Tue Aug 28 07:14:19 2012 [23582][-none-][FATAL] Configuration variable date.timezone is not set, guessed timezone America/New_York. Please set date.timezone="America/New_York" in php.ini!
Tue Aug 28 07:14:22 2012 [23584][-none-][FATAL] Configuration variable date.timezone is not set, guessed timezone America/New_York. Please set date.timezone="America/New_York" in php.ini!
Tue Aug 28 07:14:29 2012 [23586][-none-][FATAL] Configuration variable date.timezone is not set, guessed timezone America/New_York. Please set date.timezone="America/New_York" in php.ini!
Tue Aug 28 07:14:32 2012 [23588][-none-][FATAL] Configuration variable date.timezone is not set, guessed timezone America/New_York. Please set date.timezone="America/New_York" in php.ini!
Tue Aug 28 07:23:34 2012 [23781][-none-][FATAL] Configuration variable date.timezone is not set, guessed timezone America/New_York. Please set date.timezone="America/New_York" in php.ini!
Tue Aug 28 07:33:36 2012 [24001][-none-][FATAL] Configuration variable date.timezone is not set, guessed timezone America/New_York. Please set date.timezone="America/New_York" in php.ini!
Tue Aug 28 07:43:37 2012 [24188][-none-][FATAL] Configuration variable date.timezone is not set, guessed timezone America/New_York. Please set date.timezone="America/New_York" in php.ini!
Tue Aug 28 07:53:38 2012 [24458][-none-][FATAL] Configuration variable date.timezone is not set, guessed timezone America/New_York. Please set date.timezone="America/New_York" in php.ini!
Tue Aug 28 08:03:39 2012 [25697][-none-][FATAL] Configuration variable date.timezone is not set, guessed timezone America/New_York. Please set date.timezone="America/New_York" in php.ini!
Tue Aug 28 08:13:41 2012 [25937][-none-][FATAL] Configuration variable date.timezone is not set, guessed timezone America/New_York. Please set date.timezone="America/New_York" in php.ini!
Tue Aug 28 08:23:42 2012 [26222][-none-][FATAL] Configuration variable date.timezone is not set, guessed timezone America/New_York. Please set date.timezone="America/New_York" in php.ini!
Tue Aug 28 08:33:43 2012 [26434][-none-][FATAL] Configuration variable date.timezone is not set, guessed timezone America/New_York. Please set date.timezone="America/New_York" in php.ini!
Tue Aug 28 08:43:44 2012 [27655][-none-][FATAL] Configuration variable date.timezone is not set, guessed timezone America/New_York. Please set date.timezone="America/New_York" in php.ini!
Tue Aug 28 08:53:45 2012 [27960][-none-][FATAL] Configuration variable date.timezone is not set, guessed timezone America/New_York. Please set date.timezone="America/New_York" in php.ini!
Tue Aug 28 09:03:46 2012 [28188][-none-][FATAL] Configuration variable date.timezone is not set, guessed timezone America/New_York. Please set date.timezone="America/New_York" in php.ini!
Tue Aug 28 09:13:47 2012 [28383][-none-][FATAL] Configuration variable date.timezone is not set, guessed timezone America/New_York. Please set date.timezone="America/New_York" in php.ini!
Tue Aug 28 09:14:10 2012 [28396][-none-][FATAL] Configuration variable date.timezone is not set, guessed timezone America/New_York. Please set date.timezone="America/New_York" in php.ini!
Tue Aug 28 09:14:11 2012 [28398][-none-][FATAL] Configuration variable date.timezone is not set, guessed timezone America/New_York. Please set date.timezone="America/New_York" in php.ini!
Tue Aug 28 09:14:13 2012 [28400][-none-][FATAL] Configuration variable date.timezone is not set, guessed timezone America/New_York. Please set date.timezone="America/New_York" in php.ini!
Tue Aug 28 09:14:13 2012 [28402][-none-][FATAL] Configuration variable date.timezone is not set, guessed timezone America/New_York. Please set date.timezone="America/New_York" in php.ini!
Tue Aug 28 09:14:13 2012 [28401][-none-][FATAL] Configuration variable date.timezone is not set, guessed timezone America/New_York. Please set date.timezone="America/New_York" in php.ini!
Tue Aug 28 09:14:25 2012 [28409][-none-][FATAL] Configuration variable date.timezone is not set, guessed timezone America/New_York. Please set date.timezone="America/New_York" in php.ini!
Tue Aug 28 09:14:27 2012 [28413][-none-][FATAL] Configuration variable date.timezone is not set, guessed timezone America/New_York. Please set date.timezone="America/New_York" in php.ini!
Tue Aug 28 09:14:30 2012 [28413][50d230b9-96a6-23c3-f03a-4fd526b907e2][FATAL]  Query Failed:  SELECT * FROM accounts  SELECT distinct 
                            accounts.id,
                            accounts.`name`,
                            accounts.date_entered,
                            accounts.assigned_user_id,
                            accounts.billing_address_city,
                            accounts.billing_address_country,
                            accounts.phone_office,
                            accounts.phone_alternate,
                            accounts.parent_id,
                            accounts.first_name,
                            accounts.last_name,
                            accounts.mobile
 FROM accounts LEFT JOIN cases ON cases.account_id = accounts.id LEFT JOIN c_case_status ON cases.status = c_case_status.id  WHERE accounts.name like '%%' AND accounts.deleted = '0' WHERE (c_case_status.order_no < 20 AND accounts.id not in (select accounts.id from accounts LEFT JOIN cases ON cases.account_id = accounts.id LEFT JOIN c_case_status ON cases.status = c_case_status.id
 where c_case_status.order_no >= 20 AND accounts.deleted = '0' AND cases.deleted = '0' AND c_case_status.deleted = '0') AND cases.deleted = '0' AND c_case_status.deleted = '0') || (accounts.id not in(select cases.account_id from cases where cases.deleted = '0')) AND accounts.deleted = '0' AND accounts.assigned_user_id = '50d230b9-96a6-23c3-f03a-4fd526b907e2' ORDER BY accounts.date_entered DESC LIMIT 0,6: MySQL error 1064: You have an error in your SQL syntax; check the manual that corresponds to your MySQL server version for the right syntax to use near 'SELECT distinct 
                            accounts.id,
                      ' at line 1
Tue Aug 28 09:14:34 2012 [28418][-none-][FATAL] Configuration variable date.timezone is not set, guessed timezone America/New_York. Please set date.timezone="America/New_York" in php.ini!
Tue Aug 28 09:14:34 2012 [28419][-none-][FATAL] Configuration variable date.timezone is not set, guessed timezone America/New_York. Please set date.timezone="America/New_York" in php.ini!
Tue Aug 28 09:14:34 2012 [28422][-none-][FATAL] Configuration variable date.timezone is not set, guessed timezone America/New_York. Please set date.timezone="America/New_York" in php.ini!
Tue Aug 28 09:14:35 2012 [28425][-none-][FATAL] Configuration variable date.timezone is not set, guessed timezone America/New_York. Please set date.timezone="America/New_York" in php.ini!
Tue Aug 28 09:14:35 2012 [28426][-none-][FATAL] Configuration variable date.timezone is not set, guessed timezone America/New_York. Please set date.timezone="America/New_York" in php.ini!
Tue Aug 28 09:15:17 2012 [28444][-none-][FATAL] Configuration variable date.timezone is not set, guessed timezone America/New_York. Please set date.timezone="America/New_York" in php.ini!
Tue Aug 28 09:15:17 2012 [28444][50d230b9-96a6-23c3-f03a-4fd526b907e2][FATAL]  Query Failed:  SELECT * FROM accounts  SELECT distinct 
                            accounts.id,
                            accounts.`name`,
                            accounts.date_entered,
                            accounts.assigned_user_id,
                            accounts.billing_address_city,
                            accounts.billing_address_country,
                            accounts.phone_office,
                            accounts.phone_alternate,
                            accounts.parent_id,
                            accounts.first_name,
                            accounts.last_name,
                            accounts.mobile
 FROM accounts LEFT JOIN cases ON cases.account_id = accounts.id LEFT JOIN c_case_status ON cases.status = c_case_status.id  WHERE accounts.name like '%%' AND accounts.deleted = '0' WHERE (c_case_status.order_no < 20 AND accounts.id not in (select accounts.id from accounts LEFT JOIN cases ON cases.account_id = accounts.id LEFT JOIN c_case_status ON cases.status = c_case_status.id
 where c_case_status.order_no >= 20 AND accounts.deleted = '0' AND cases.deleted = '0' AND c_case_status.deleted = '0') AND cases.deleted = '0' AND c_case_status.deleted = '0') || (accounts.id not in(select cases.account_id from cases where cases.deleted = '0')) AND accounts.deleted = '0' AND accounts.assigned_user_id = '50d230b9-96a6-23c3-f03a-4fd526b907e2' ORDER BY accounts.date_entered DESC LIMIT 0,6: MySQL error 1064: You have an error in your SQL syntax; check the manual that corresponds to your MySQL server version for the right syntax to use near 'SELECT distinct 
                            accounts.id,
                      ' at line 1
Tue Aug 28 09:15:20 2012 [28448][-none-][FATAL] Configuration variable date.timezone is not set, guessed timezone America/New_York. Please set date.timezone="America/New_York" in php.ini!
Tue Aug 28 09:15:20 2012 [28446][-none-][FATAL] Configuration variable date.timezone is not set, guessed timezone America/New_York. Please set date.timezone="America/New_York" in php.ini!
Tue Aug 28 09:15:20 2012 [28449][-none-][FATAL] Configuration variable date.timezone is not set, guessed timezone America/New_York. Please set date.timezone="America/New_York" in php.ini!
Tue Aug 28 09:15:20 2012 [28447][-none-][FATAL] Configuration variable date.timezone is not set, guessed timezone America/New_York. Please set date.timezone="America/New_York" in php.ini!
Tue Aug 28 09:15:20 2012 [28450][-none-][FATAL] Configuration variable date.timezone is not set, guessed timezone America/New_York. Please set date.timezone="America/New_York" in php.ini!
Tue Aug 28 09:15:20 2012 [28456][-none-][FATAL] Configuration variable date.timezone is not set, guessed timezone America/New_York. Please set date.timezone="America/New_York" in php.ini!
Tue Aug 28 09:15:20 2012 [28460][-none-][FATAL] Configuration variable date.timezone is not set, guessed timezone America/New_York. Please set date.timezone="America/New_York" in php.ini!
Tue Aug 28 09:15:22 2012 [28462][-none-][FATAL] Configuration variable date.timezone is not set, guessed timezone America/New_York. Please set date.timezone="America/New_York" in php.ini!
Tue Aug 28 09:15:23 2012 [28464][-none-][FATAL] Configuration variable date.timezone is not set, guessed timezone America/New_York. Please set date.timezone="America/New_York" in php.ini!
Tue Aug 28 09:23:49 2012 [28632][-none-][FATAL] Configuration variable date.timezone is not set, guessed timezone America/New_York. Please set date.timezone="America/New_York" in php.ini!
Tue Aug 28 09:23:55 2012 [28634][-none-][FATAL] Configuration variable date.timezone is not set, guessed timezone America/New_York. Please set date.timezone="America/New_York" in php.ini!
Tue Aug 28 09:23:56 2012 [28634][50d230b9-96a6-23c3-f03a-4fd526b907e2][FATAL]  Query Failed:  SELECT  accounts.id , accounts.name , accounts.billing_address_city , accounts.billing_address_country , accounts.phone_office  , LTRIM(RTRIM(CONCAT(IFNULL(jt0.first_name,''),' ',IFNULL(jt0.last_name,'')))) assigned_user_name , jt0.created_by assigned_user_name_owner  , 'Users' assigned_user_name_mod, accounts.date_entered , accounts.assigned_user_id  FROM accounts   LEFT JOIN  users jt0 ON accounts.assigned_user_id=jt0.id AND jt0.deleted=0

 AND jt0.deleted=0 where (((accounts.name like 'zachjordan754@gmail.com%' ) OR ( accounts.id IN (SELECT ph.account_id_c FROM ph_phoneno ph WHERE ph.deleted=0 AND REPLACE(REPLACE(REPLACE(REPLACE(phone_no," ",""),"(",""),")",""),"-","")  LIKE  'zachjordan754@gmail.com%') ) OR ( accounts.id IN (SELECT eabr.bean_id FROM email_addr_bean_rel eabr JOIN email_addresses ea ON (ea.id = eabr.email_address_id) WHERE eabr.deleted=0 AND ea.email_address LIKE 'zachjordan754@gmail.com%') ) OR ( accounts.last_name like 'zachjordan754@gmail.com%' ) OR ( accounts.mobile like 'zachjordan754@gmail.com%'))) AND accounts.deleted=0 WHERE accounts.name like '%%' AND accounts.deleted = '0' ORDER BY accounts.date_entered DESC LIMIT 0,11: MySQL error 1064: You have an error in your SQL syntax; check the manual that corresponds to your MySQL server version for the right syntax to use near 'WHERE accounts.name like '%%' AND accounts.deleted = '0' ORDER BY accounts.date_' at line 3
Tue Aug 28 09:23:57 2012 [28653][-none-][FATAL] Configuration variable date.timezone is not set, guessed timezone America/New_York. Please set date.timezone="America/New_York" in php.ini!
Tue Aug 28 09:33:50 2012 [29883][-none-][FATAL] Configuration variable date.timezone is not set, guessed timezone America/New_York. Please set date.timezone="America/New_York" in php.ini!
Tue Aug 28 09:42:42 2012 [30064][-none-][FATAL] Configuration variable date.timezone is not set, guessed timezone America/New_York. Please set date.timezone="America/New_York" in php.ini!
Tue Aug 28 09:42:43 2012 [30066][-none-][FATAL] Configuration variable date.timezone is not set, guessed timezone America/New_York. Please set date.timezone="America/New_York" in php.ini!
Tue Aug 28 09:42:50 2012 [30070][-none-][FATAL] Configuration variable date.timezone is not set, guessed timezone America/New_York. Please set date.timezone="America/New_York" in php.ini!
Tue Aug 28 09:42:51 2012 [30072][-none-][FATAL] Configuration variable date.timezone is not set, guessed timezone America/New_York. Please set date.timezone="America/New_York" in php.ini!
Tue Aug 28 09:42:52 2012 [30072][50d230b9-96a6-23c3-f03a-4fd526b907e2][FATAL]  Query Failed:  SELECT * FROM accounts  SELECT distinct 
                            accounts.id,
                            accounts.`name`,
                            accounts.date_entered,
                            accounts.assigned_user_id,
                            accounts.billing_address_city,
                            accounts.billing_address_country,
                            accounts.phone_office,
                            accounts.phone_alternate,
                            accounts.parent_id,
                            accounts.first_name,
                            accounts.last_name,
                            accounts.mobile
 FROM accounts LEFT JOIN cases ON cases.account_id = accounts.id LEFT JOIN c_case_status ON cases.status = c_case_status.id  WHERE accounts.name like '%%' AND accounts.deleted = '0' WHERE (c_case_status.order_no < 20 AND accounts.id not in (select accounts.id from accounts LEFT JOIN cases ON cases.account_id = accounts.id LEFT JOIN c_case_status ON cases.status = c_case_status.id
 where c_case_status.order_no >= 20 AND accounts.deleted = '0' AND cases.deleted = '0' AND c_case_status.deleted = '0') AND cases.deleted = '0' AND c_case_status.deleted = '0') || (accounts.id not in(select cases.account_id from cases where cases.deleted = '0')) AND accounts.deleted = '0' AND accounts.assigned_user_id = '50d230b9-96a6-23c3-f03a-4fd526b907e2' ORDER BY accounts.date_entered DESC LIMIT 0,6: MySQL error 1064: You have an error in your SQL syntax; check the manual that corresponds to your MySQL server version for the right syntax to use near 'SELECT distinct 
                            accounts.id,
                      ' at line 1
Tue Aug 28 09:42:58 2012 [30075][-none-][FATAL] Configuration variable date.timezone is not set, guessed timezone America/New_York. Please set date.timezone="America/New_York" in php.ini!
Tue Aug 28 09:42:59 2012 [30077][-none-][FATAL] Configuration variable date.timezone is not set, guessed timezone America/New_York. Please set date.timezone="America/New_York" in php.ini!
Tue Aug 28 09:43:05 2012 [30081][-none-][FATAL] Configuration variable date.timezone is not set, guessed timezone America/New_York. Please set date.timezone="America/New_York" in php.ini!
Tue Aug 28 09:43:06 2012 [30083][-none-][FATAL] Configuration variable date.timezone is not set, guessed timezone America/New_York. Please set date.timezone="America/New_York" in php.ini!
Tue Aug 28 09:43:15 2012 [30087][-none-][FATAL] Configuration variable date.timezone is not set, guessed timezone America/New_York. Please set date.timezone="America/New_York" in php.ini!
Tue Aug 28 09:43:15 2012 [30089][-none-][FATAL] Configuration variable date.timezone is not set, guessed timezone America/New_York. Please set date.timezone="America/New_York" in php.ini!
Tue Aug 28 09:43:16 2012 [30091][-none-][FATAL] Configuration variable date.timezone is not set, guessed timezone America/New_York. Please set date.timezone="America/New_York" in php.ini!
Tue Aug 28 09:43:16 2012 [30093][-none-][FATAL] Configuration variable date.timezone is not set, guessed timezone America/New_York. Please set date.timezone="America/New_York" in php.ini!
Tue Aug 28 09:43:16 2012 [30092][-none-][FATAL] Configuration variable date.timezone is not set, guessed timezone America/New_York. Please set date.timezone="America/New_York" in php.ini!
Tue Aug 28 09:43:20 2012 [30097][-none-][FATAL] Configuration variable date.timezone is not set, guessed timezone America/New_York. Please set date.timezone="America/New_York" in php.ini!
Tue Aug 28 09:43:20 2012 [30099][-none-][FATAL] Configuration variable date.timezone is not set, guessed timezone America/New_York. Please set date.timezone="America/New_York" in php.ini!
Tue Aug 28 09:43:21 2012 [30101][-none-][FATAL] Configuration variable date.timezone is not set, guessed timezone America/New_York. Please set date.timezone="America/New_York" in php.ini!
Tue Aug 28 09:43:22 2012 [30103][-none-][FATAL] Configuration variable date.timezone is not set, guessed timezone America/New_York. Please set date.timezone="America/New_York" in php.ini!
Tue Aug 28 09:43:22 2012 [30104][-none-][FATAL] Configuration variable date.timezone is not set, guessed timezone America/New_York. Please set date.timezone="America/New_York" in php.ini!
Tue Aug 28 09:43:26 2012 [30114][-none-][FATAL] Configuration variable date.timezone is not set, guessed timezone America/New_York. Please set date.timezone="America/New_York" in php.ini!
Tue Aug 28 09:43:30 2012 [30117][-none-][FATAL] Configuration variable date.timezone is not set, guessed timezone America/New_York. Please set date.timezone="America/New_York" in php.ini!
Tue Aug 28 09:43:41 2012 [30120][-none-][FATAL] Configuration variable date.timezone is not set, guessed timezone America/New_York. Please set date.timezone="America/New_York" in php.ini!
Tue Aug 28 09:43:51 2012 [30130][-none-][FATAL] Configuration variable date.timezone is not set, guessed timezone America/New_York. Please set date.timezone="America/New_York" in php.ini!
Tue Aug 28 09:45:29 2012 [30199][-none-][FATAL] Configuration variable date.timezone is not set, guessed timezone America/New_York. Please set date.timezone="America/New_York" in php.ini!
Tue Aug 28 09:45:30 2012 [30202][-none-][FATAL] Configuration variable date.timezone is not set, guessed timezone America/New_York. Please set date.timezone="America/New_York" in php.ini!
Tue Aug 28 09:45:31 2012 [30204][-none-][FATAL] Configuration variable date.timezone is not set, guessed timezone America/New_York. Please set date.timezone="America/New_York" in php.ini!
Tue Aug 28 09:45:35 2012 [30206][-none-][FATAL] Configuration variable date.timezone is not set, guessed timezone America/New_York. Please set date.timezone="America/New_York" in php.ini!
Tue Aug 28 09:45:36 2012 [30208][-none-][FATAL] Configuration variable date.timezone is not set, guessed timezone America/New_York. Please set date.timezone="America/New_York" in php.ini!
Tue Aug 28 09:45:41 2012 [30211][-none-][FATAL] Configuration variable date.timezone is not set, guessed timezone America/New_York. Please set date.timezone="America/New_York" in php.ini!
Tue Aug 28 09:45:43 2012 [30213][-none-][FATAL] Configuration variable date.timezone is not set, guessed timezone America/New_York. Please set date.timezone="America/New_York" in php.ini!
Tue Aug 28 09:45:48 2012 [30217][-none-][FATAL] Configuration variable date.timezone is not set, guessed timezone America/New_York. Please set date.timezone="America/New_York" in php.ini!
Tue Aug 28 09:45:52 2012 [30219][-none-][FATAL] Configuration variable date.timezone is not set, guessed timezone America/New_York. Please set date.timezone="America/New_York" in php.ini!
Tue Aug 28 09:46:10 2012 [30225][-none-][FATAL] Configuration variable date.timezone is not set, guessed timezone America/New_York. Please set date.timezone="America/New_York" in php.ini!
Tue Aug 28 09:53:52 2012 [30421][-none-][FATAL] Configuration variable date.timezone is not set, guessed timezone America/New_York. Please set date.timezone="America/New_York" in php.ini!
Tue Aug 28 09:57:11 2012 [30527][-none-][FATAL] Configuration variable date.timezone is not set, guessed timezone America/New_York. Please set date.timezone="America/New_York" in php.ini!
Tue Aug 28 09:57:12 2012 [30529][-none-][FATAL] Configuration variable date.timezone is not set, guessed timezone America/New_York. Please set date.timezone="America/New_York" in php.ini!
Tue Aug 28 10:01:04 2012 [30657][-none-][FATAL] Configuration variable date.timezone is not set, guessed timezone America/New_York. Please set date.timezone="America/New_York" in php.ini!
Tue Aug 28 10:01:04 2012 [30659][-none-][FATAL] Configuration variable date.timezone is not set, guessed timezone America/New_York. Please set date.timezone="America/New_York" in php.ini!
Tue Aug 28 10:01:10 2012 [30664][-none-][FATAL] Configuration variable date.timezone is not set, guessed timezone America/New_York. Please set date.timezone="America/New_York" in php.ini!
Tue Aug 28 10:01:10 2012 [30666][-none-][FATAL] Configuration variable date.timezone is not set, guessed timezone America/New_York. Please set date.timezone="America/New_York" in php.ini!
Tue Aug 28 10:01:11 2012 [30666][11e98e2c-1e8f-7bb1-e6d7-5028a76f0a6d][FATAL]  Query Failed:  SELECT * FROM accounts  SELECT distinct 
                            accounts.id,
                            accounts.`name`,
                            accounts.date_entered,
                            accounts.assigned_user_id,
                            accounts.billing_address_city,
                            accounts.billing_address_country,
                            accounts.phone_office,
                            accounts.phone_alternate,
                            accounts.parent_id,
                            accounts.first_name,
                            accounts.last_name,
                            accounts.mobile
 FROM accounts LEFT JOIN cases ON cases.account_id = accounts.id LEFT JOIN c_case_status ON cases.status = c_case_status.id  WHERE accounts.name like '%%' AND accounts.deleted = '0' WHERE (c_case_status.order_no < 20 AND accounts.id not in (select accounts.id from accounts LEFT JOIN cases ON cases.account_id = accounts.id LEFT JOIN c_case_status ON cases.status = c_case_status.id
 where c_case_status.order_no >= 20 AND accounts.deleted = '0' AND cases.deleted = '0' AND c_case_status.deleted = '0') AND cases.deleted = '0' AND c_case_status.deleted = '0') || (accounts.id not in(select cases.account_id from cases where cases.deleted = '0')) AND accounts.deleted = '0' AND accounts.assigned_user_id = '11e98e2c-1e8f-7bb1-e6d7-5028a76f0a6d' ORDER BY accounts.date_entered DESC LIMIT 0,6: MySQL error 1064: You have an error in your SQL syntax; check the manual that corresponds to your MySQL server version for the right syntax to use near 'SELECT distinct 
                            accounts.id,
                      ' at line 1
Tue Aug 28 10:01:38 2012 [30672][-none-][FATAL] Configuration variable date.timezone is not set, guessed timezone America/New_York. Please set date.timezone="America/New_York" in php.ini!
Tue Aug 28 10:01:39 2012 [30674][-none-][FATAL] Configuration variable date.timezone is not set, guessed timezone America/New_York. Please set date.timezone="America/New_York" in php.ini!
Tue Aug 28 10:03:54 2012 [30714][-none-][FATAL] Configuration variable date.timezone is not set, guessed timezone America/New_York. Please set date.timezone="America/New_York" in php.ini!
Tue Aug 28 10:11:19 2012 [31970][-none-][FATAL] Configuration variable date.timezone is not set, guessed timezone America/New_York. Please set date.timezone="America/New_York" in php.ini!
Tue Aug 28 10:11:19 2012 [31973][-none-][FATAL] Configuration variable date.timezone is not set, guessed timezone America/New_York. Please set date.timezone="America/New_York" in php.ini!
Tue Aug 28 10:11:25 2012 [31978][-none-][FATAL] Configuration variable date.timezone is not set, guessed timezone America/New_York. Please set date.timezone="America/New_York" in php.ini!
Tue Aug 28 10:11:25 2012 [31977][-none-][FATAL] Configuration variable date.timezone is not set, guessed timezone America/New_York. Please set date.timezone="America/New_York" in php.ini!
Tue Aug 28 10:11:25 2012 [31979][-none-][FATAL] Configuration variable date.timezone is not set, guessed timezone America/New_York. Please set date.timezone="America/New_York" in php.ini!
Tue Aug 28 10:11:26 2012 [31983][-none-][FATAL] Configuration variable date.timezone is not set, guessed timezone America/New_York. Please set date.timezone="America/New_York" in php.ini!
Tue Aug 28 10:11:27 2012 [31985][-none-][FATAL] Configuration variable date.timezone is not set, guessed timezone America/New_York. Please set date.timezone="America/New_York" in php.ini!
Tue Aug 28 10:11:27 2012 [31985][50d230b9-96a6-23c3-f03a-4fd526b907e2][FATAL]  Query Failed:  SELECT * FROM accounts  SELECT distinct 
                            accounts.id,
                            accounts.`name`,
                            accounts.date_entered,
                            accounts.assigned_user_id,
                            accounts.billing_address_city,
                            accounts.billing_address_country,
                            accounts.phone_office,
                            accounts.phone_alternate,
                            accounts.parent_id,
                            accounts.first_name,
                            accounts.last_name,
                            accounts.mobile
 FROM accounts LEFT JOIN cases ON cases.account_id = accounts.id LEFT JOIN c_case_status ON cases.status = c_case_status.id  WHERE accounts.name like '%%' AND accounts.deleted = '0' WHERE (c_case_status.order_no < 20 AND accounts.id not in (select accounts.id from accounts LEFT JOIN cases ON cases.account_id = accounts.id LEFT JOIN c_case_status ON cases.status = c_case_status.id
 where c_case_status.order_no >= 20 AND accounts.deleted = '0' AND cases.deleted = '0' AND c_case_status.deleted = '0') AND cases.deleted = '0' AND c_case_status.deleted = '0') || (accounts.id not in(select cases.account_id from cases where cases.deleted = '0')) AND accounts.deleted = '0' AND accounts.assigned_user_id = '50d230b9-96a6-23c3-f03a-4fd526b907e2' ORDER BY accounts.date_entered DESC LIMIT 0,6: MySQL error 1064: You have an error in your SQL syntax; check the manual that corresponds to your MySQL server version for the right syntax to use near 'SELECT distinct 
                            accounts.id,
                      ' at line 1
Tue Aug 28 10:11:31 2012 [31993][-none-][FATAL] Configuration variable date.timezone is not set, guessed timezone America/New_York. Please set date.timezone="America/New_York" in php.ini!
Tue Aug 28 10:11:31 2012 [31994][-none-][FATAL] Configuration variable date.timezone is not set, guessed timezone America/New_York. Please set date.timezone="America/New_York" in php.ini!
Tue Aug 28 10:11:32 2012 [31997][-none-][FATAL] Configuration variable date.timezone is not set, guessed timezone America/New_York. Please set date.timezone="America/New_York" in php.ini!
Tue Aug 28 10:11:32 2012 [31998][-none-][FATAL] Configuration variable date.timezone is not set, guessed timezone America/New_York. Please set date.timezone="America/New_York" in php.ini!
Tue Aug 28 10:11:32 2012 [32001][-none-][FATAL] Configuration variable date.timezone is not set, guessed timezone America/New_York. Please set date.timezone="America/New_York" in php.ini!
Tue Aug 28 10:11:36 2012 [32004][-none-][FATAL] Configuration variable date.timezone is not set, guessed timezone America/New_York. Please set date.timezone="America/New_York" in php.ini!
Tue Aug 28 10:11:39 2012 [32006][-none-][FATAL] Configuration variable date.timezone is not set, guessed timezone America/New_York. Please set date.timezone="America/New_York" in php.ini!
Tue Aug 28 10:11:43 2012 [32015][-none-][FATAL] Configuration variable date.timezone is not set, guessed timezone America/New_York. Please set date.timezone="America/New_York" in php.ini!
Tue Aug 28 10:12:08 2012 [32024][-none-][FATAL] Configuration variable date.timezone is not set, guessed timezone America/New_York. Please set date.timezone="America/New_York" in php.ini!
Tue Aug 28 10:12:53 2012 [32037][-none-][FATAL] Configuration variable date.timezone is not set, guessed timezone America/New_York. Please set date.timezone="America/New_York" in php.ini!
Tue Aug 28 10:12:53 2012 [32039][-none-][FATAL] Configuration variable date.timezone is not set, guessed timezone America/New_York. Please set date.timezone="America/New_York" in php.ini!
Tue Aug 28 10:12:58 2012 [32041][-none-][FATAL] Configuration variable date.timezone is not set, guessed timezone America/New_York. Please set date.timezone="America/New_York" in php.ini!
Tue Aug 28 10:12:58 2012 [32043][-none-][FATAL] Configuration variable date.timezone is not set, guessed timezone America/New_York. Please set date.timezone="America/New_York" in php.ini!
Tue Aug 28 10:13:02 2012 [32046][-none-][FATAL] Configuration variable date.timezone is not set, guessed timezone America/New_York. Please set date.timezone="America/New_York" in php.ini!
Tue Aug 28 10:13:02 2012 [32047][-none-][FATAL] Configuration variable date.timezone is not set, guessed timezone America/New_York. Please set date.timezone="America/New_York" in php.ini!
Tue Aug 28 10:13:55 2012 [32056][-none-][FATAL] Configuration variable date.timezone is not set, guessed timezone America/New_York. Please set date.timezone="America/New_York" in php.ini!
Tue Aug 28 10:15:16 2012 [32087][-none-][FATAL] Configuration variable date.timezone is not set, guessed timezone America/New_York. Please set date.timezone="America/New_York" in php.ini!
Tue Aug 28 10:15:44 2012 [32124][-none-][FATAL] Configuration variable date.timezone is not set, guessed timezone America/New_York. Please set date.timezone="America/New_York" in php.ini!
Tue Aug 28 10:15:48 2012 [32126][-none-][FATAL] Configuration variable date.timezone is not set, guessed timezone America/New_York. Please set date.timezone="America/New_York" in php.ini!
Tue Aug 28 10:15:48 2012 [32127][-none-][FATAL] Configuration variable date.timezone is not set, guessed timezone America/New_York. Please set date.timezone="America/New_York" in php.ini!
Tue Aug 28 10:15:49 2012 [32132][-none-][FATAL] Configuration variable date.timezone is not set, guessed timezone America/New_York. Please set date.timezone="America/New_York" in php.ini!
Tue Aug 28 10:15:57 2012 [32137][-none-][FATAL] Configuration variable date.timezone is not set, guessed timezone America/New_York. Please set date.timezone="America/New_York" in php.ini!
Tue Aug 28 10:16:12 2012 [32144][-none-][FATAL] Configuration variable date.timezone is not set, guessed timezone America/New_York. Please set date.timezone="America/New_York" in php.ini!
Tue Aug 28 10:16:26 2012 [32151][-none-][FATAL] Configuration variable date.timezone is not set, guessed timezone America/New_York. Please set date.timezone="America/New_York" in php.ini!
Tue Aug 28 10:16:29 2012 [32153][-none-][FATAL] Configuration variable date.timezone is not set, guessed timezone America/New_York. Please set date.timezone="America/New_York" in php.ini!
Tue Aug 28 10:16:32 2012 [32157][-none-][FATAL] Configuration variable date.timezone is not set, guessed timezone America/New_York. Please set date.timezone="America/New_York" in php.ini!
Tue Aug 28 10:16:35 2012 [32171][-none-][FATAL] Configuration variable date.timezone is not set, guessed timezone America/New_York. Please set date.timezone="America/New_York" in php.ini!
Tue Aug 28 10:16:39 2012 [32174][-none-][FATAL] Configuration variable date.timezone is not set, guessed timezone America/New_York. Please set date.timezone="America/New_York" in php.ini!
Tue Aug 28 10:16:45 2012 [32176][-none-][FATAL] Configuration variable date.timezone is not set, guessed timezone America/New_York. Please set date.timezone="America/New_York" in php.ini!
Tue Aug 28 10:16:45 2012 [32177][-none-][FATAL] Configuration variable date.timezone is not set, guessed timezone America/New_York. Please set date.timezone="America/New_York" in php.ini!
Tue Aug 28 10:16:46 2012 [32181][-none-][FATAL] Configuration variable date.timezone is not set, guessed timezone America/New_York. Please set date.timezone="America/New_York" in php.ini!
Tue Aug 28 10:16:46 2012 [32182][-none-][FATAL] Configuration variable date.timezone is not set, guessed timezone America/New_York. Please set date.timezone="America/New_York" in php.ini!
Tue Aug 28 10:16:51 2012 [32186][-none-][FATAL] Configuration variable date.timezone is not set, guessed timezone America/New_York. Please set date.timezone="America/New_York" in php.ini!
Tue Aug 28 10:17:02 2012 [32197][-none-][FATAL] Configuration variable date.timezone is not set, guessed timezone America/New_York. Please set date.timezone="America/New_York" in php.ini!
Tue Aug 28 10:17:07 2012 [32200][-none-][FATAL] Configuration variable date.timezone is not set, guessed timezone America/New_York. Please set date.timezone="America/New_York" in php.ini!
Tue Aug 28 10:19:24 2012 [32239][-none-][FATAL] Configuration variable date.timezone is not set, guessed timezone America/New_York. Please set date.timezone="America/New_York" in php.ini!
Tue Aug 28 10:20:41 2012 [32319][-none-][FATAL] Configuration variable date.timezone is not set, guessed timezone America/New_York. Please set date.timezone="America/New_York" in php.ini!
Tue Aug 28 10:21:00 2012 [32329][-none-][FATAL] Configuration variable date.timezone is not set, guessed timezone America/New_York. Please set date.timezone="America/New_York" in php.ini!
Tue Aug 28 10:21:00 2012 [32331][-none-][FATAL] Configuration variable date.timezone is not set, guessed timezone America/New_York. Please set date.timezone="America/New_York" in php.ini!
Tue Aug 28 10:21:02 2012 [32334][-none-][FATAL] Configuration variable date.timezone is not set, guessed timezone America/New_York. Please set date.timezone="America/New_York" in php.ini!
Tue Aug 28 10:21:35 2012 [32342][-none-][FATAL] Configuration variable date.timezone is not set, guessed timezone America/New_York. Please set date.timezone="America/New_York" in php.ini!
Tue Aug 28 10:21:48 2012 [32347][-none-][FATAL] Configuration variable date.timezone is not set, guessed timezone America/New_York. Please set date.timezone="America/New_York" in php.ini!
Tue Aug 28 10:21:48 2012 [32349][-none-][FATAL] Configuration variable date.timezone is not set, guessed timezone America/New_York. Please set date.timezone="America/New_York" in php.ini!
Tue Aug 28 10:21:49 2012 [32351][-none-][FATAL] Configuration variable date.timezone is not set, guessed timezone America/New_York. Please set date.timezone="America/New_York" in php.ini!
Tue Aug 28 10:21:49 2012 [32353][-none-][FATAL] Configuration variable date.timezone is not set, guessed timezone America/New_York. Please set date.timezone="America/New_York" in php.ini!
Tue Aug 28 10:21:49 2012 [32352][-none-][FATAL] Configuration variable date.timezone is not set, guessed timezone America/New_York. Please set date.timezone="America/New_York" in php.ini!
Tue Aug 28 10:21:50 2012 [32357][-none-][FATAL] Configuration variable date.timezone is not set, guessed timezone America/New_York. Please set date.timezone="America/New_York" in php.ini!
Tue Aug 28 10:21:53 2012 [32360][-none-][FATAL] Configuration variable date.timezone is not set, guessed timezone America/New_York. Please set date.timezone="America/New_York" in php.ini!
Tue Aug 28 10:21:54 2012 [32362][-none-][FATAL] Configuration variable date.timezone is not set, guessed timezone America/New_York. Please set date.timezone="America/New_York" in php.ini!
Tue Aug 28 10:22:02 2012 [32367][-none-][FATAL] Configuration variable date.timezone is not set, guessed timezone America/New_York. Please set date.timezone="America/New_York" in php.ini!
Tue Aug 28 10:22:03 2012 [32369][-none-][FATAL] Configuration variable date.timezone is not set, guessed timezone America/New_York. Please set date.timezone="America/New_York" in php.ini!
Tue Aug 28 10:22:10 2012 [32373][-none-][FATAL] Configuration variable date.timezone is not set, guessed timezone America/New_York. Please set date.timezone="America/New_York" in php.ini!
Tue Aug 28 10:22:12 2012 [32376][-none-][FATAL] Configuration variable date.timezone is not set, guessed timezone America/New_York. Please set date.timezone="America/New_York" in php.ini!
Tue Aug 28 10:22:13 2012 [32378][-none-][FATAL] Configuration variable date.timezone is not set, guessed timezone America/New_York. Please set date.timezone="America/New_York" in php.ini!
Tue Aug 28 10:22:35 2012 [32385][-none-][FATAL] Configuration variable date.timezone is not set, guessed timezone America/New_York. Please set date.timezone="America/New_York" in php.ini!
Tue Aug 28 10:22:37 2012 [32388][-none-][FATAL] Configuration variable date.timezone is not set, guessed timezone America/New_York. Please set date.timezone="America/New_York" in php.ini!
Tue Aug 28 10:22:48 2012 [32404][-none-][FATAL] Configuration variable date.timezone is not set, guessed timezone America/New_York. Please set date.timezone="America/New_York" in php.ini!
Tue Aug 28 10:23:14 2012 [32420][-none-][FATAL] Configuration variable date.timezone is not set, guessed timezone America/New_York. Please set date.timezone="America/New_York" in php.ini!
Tue Aug 28 10:23:21 2012 [32434][-none-][FATAL] Configuration variable date.timezone is not set, guessed timezone America/New_York. Please set date.timezone="America/New_York" in php.ini!
Tue Aug 28 10:23:25 2012 [32436][-none-][FATAL] Configuration variable date.timezone is not set, guessed timezone America/New_York. Please set date.timezone="America/New_York" in php.ini!
Tue Aug 28 10:23:37 2012 [32443][-none-][FATAL] Configuration variable date.timezone is not set, guessed timezone America/New_York. Please set date.timezone="America/New_York" in php.ini!
Tue Aug 28 10:23:39 2012 [32452][-none-][FATAL] Configuration variable date.timezone is not set, guessed timezone America/New_York. Please set date.timezone="America/New_York" in php.ini!
Tue Aug 28 10:23:56 2012 [32461][-none-][FATAL] Configuration variable date.timezone is not set, guessed timezone America/New_York. Please set date.timezone="America/New_York" in php.ini!
Tue Aug 28 10:24:45 2012 [32482][-none-][FATAL] Configuration variable date.timezone is not set, guessed timezone America/New_York. Please set date.timezone="America/New_York" in php.ini!
Tue Aug 28 10:24:49 2012 [32484][-none-][FATAL] Configuration variable date.timezone is not set, guessed timezone America/New_York. Please set date.timezone="America/New_York" in php.ini!
Tue Aug 28 10:24:52 2012 [32486][-none-][FATAL] Configuration variable date.timezone is not set, guessed timezone America/New_York. Please set date.timezone="America/New_York" in php.ini!
Tue Aug 28 10:24:53 2012 [32488][-none-][FATAL] Configuration variable date.timezone is not set, guessed timezone America/New_York. Please set date.timezone="America/New_York" in php.ini!
Tue Aug 28 10:32:30 2012 [32682][-none-][FATAL] Configuration variable date.timezone is not set, guessed timezone America/New_York. Please set date.timezone="America/New_York" in php.ini!
Tue Aug 28 10:32:45 2012 [32687][-none-][FATAL] Configuration variable date.timezone is not set, guessed timezone America/New_York. Please set date.timezone="America/New_York" in php.ini!
Tue Aug 28 10:33:13 2012 [32693][-none-][FATAL] Configuration variable date.timezone is not set, guessed timezone America/New_York. Please set date.timezone="America/New_York" in php.ini!
Tue Aug 28 10:33:28 2012 [32697][-none-][FATAL] Configuration variable date.timezone is not set, guessed timezone America/New_York. Please set date.timezone="America/New_York" in php.ini!
Tue Aug 28 10:33:34 2012 [32699][-none-][FATAL] Configuration variable date.timezone is not set, guessed timezone America/New_York. Please set date.timezone="America/New_York" in php.ini!
Tue Aug 28 10:33:39 2012 [32703][-none-][FATAL] Configuration variable date.timezone is not set, guessed timezone America/New_York. Please set date.timezone="America/New_York" in php.ini!
Tue Aug 28 10:33:59 2012 [32705][-none-][FATAL] Configuration variable date.timezone is not set, guessed timezone America/New_York. Please set date.timezone="America/New_York" in php.ini!
Tue Aug 28 10:37:07 2012 [1086][-none-][FATAL] Configuration variable date.timezone is not set, guessed timezone America/New_York. Please set date.timezone="America/New_York" in php.ini!
Tue Aug 28 10:37:07 2012 [1088][-none-][FATAL] Configuration variable date.timezone is not set, guessed timezone America/New_York. Please set date.timezone="America/New_York" in php.ini!
Tue Aug 28 10:37:09 2012 [1094][-none-][FATAL] Configuration variable date.timezone is not set, guessed timezone America/New_York. Please set date.timezone="America/New_York" in php.ini!
Tue Aug 28 10:37:10 2012 [1096][-none-][FATAL] Configuration variable date.timezone is not set, guessed timezone America/New_York. Please set date.timezone="America/New_York" in php.ini!
Tue Aug 28 10:38:44 2012 [1133][-none-][FATAL] Configuration variable date.timezone is not set, guessed timezone America/New_York. Please set date.timezone="America/New_York" in php.ini!
Tue Aug 28 10:38:46 2012 [1136][-none-][FATAL] Configuration variable date.timezone is not set, guessed timezone America/New_York. Please set date.timezone="America/New_York" in php.ini!
Tue Aug 28 10:38:57 2012 [1144][-none-][FATAL] Configuration variable date.timezone is not set, guessed timezone America/New_York. Please set date.timezone="America/New_York" in php.ini!
Tue Aug 28 10:44:01 2012 [1251][-none-][FATAL] Configuration variable date.timezone is not set, guessed timezone America/New_York. Please set date.timezone="America/New_York" in php.ini!
Tue Aug 28 10:49:39 2012 [1414][-none-][FATAL] Configuration variable date.timezone is not set, guessed timezone America/New_York. Please set date.timezone="America/New_York" in php.ini!
Tue Aug 28 10:49:56 2012 [1416][-none-][FATAL] Configuration variable date.timezone is not set, guessed timezone America/New_York. Please set date.timezone="America/New_York" in php.ini!
Tue Aug 28 10:49:56 2012 [1418][-none-][FATAL] Configuration variable date.timezone is not set, guessed timezone America/New_York. Please set date.timezone="America/New_York" in php.ini!
Tue Aug 28 10:53:04 2012 [1520][-none-][FATAL] Configuration variable date.timezone is not set, guessed timezone America/New_York. Please set date.timezone="America/New_York" in php.ini!
Tue Aug 28 10:53:05 2012 [1522][-none-][FATAL] Configuration variable date.timezone is not set, guessed timezone America/New_York. Please set date.timezone="America/New_York" in php.ini!
Tue Aug 28 10:53:08 2012 [1525][-none-][FATAL] Configuration variable date.timezone is not set, guessed timezone America/New_York. Please set date.timezone="America/New_York" in php.ini!
Tue Aug 28 10:53:39 2012 [1537][-none-][FATAL] Configuration variable date.timezone is not set, guessed timezone America/New_York. Please set date.timezone="America/New_York" in php.ini!
Tue Aug 28 10:53:58 2012 [1554][-none-][FATAL] Configuration variable date.timezone is not set, guessed timezone America/New_York. Please set date.timezone="America/New_York" in php.ini!
Tue Aug 28 10:53:59 2012 [1558][-none-][FATAL] Configuration variable date.timezone is not set, guessed timezone America/New_York. Please set date.timezone="America/New_York" in php.ini!
Tue Aug 28 10:54:02 2012 [1562][-none-][FATAL] Configuration variable date.timezone is not set, guessed timezone America/New_York. Please set date.timezone="America/New_York" in php.ini!
Tue Aug 28 10:55:38 2012 [1602][-none-][FATAL] Configuration variable date.timezone is not set, guessed timezone America/New_York. Please set date.timezone="America/New_York" in php.ini!
Tue Aug 28 10:55:39 2012 [1604][-none-][FATAL] Configuration variable date.timezone is not set, guessed timezone America/New_York. Please set date.timezone="America/New_York" in php.ini!
Tue Aug 28 10:55:45 2012 [1606][-none-][FATAL] Configuration variable date.timezone is not set, guessed timezone America/New_York. Please set date.timezone="America/New_York" in php.ini!
Tue Aug 28 10:55:47 2012 [1608][-none-][FATAL] Configuration variable date.timezone is not set, guessed timezone America/New_York. Please set date.timezone="America/New_York" in php.ini!
Tue Aug 28 10:55:48 2012 [1610][-none-][FATAL] Configuration variable date.timezone is not set, guessed timezone America/New_York. Please set date.timezone="America/New_York" in php.ini!
Tue Aug 28 10:57:52 2012 [1681][-none-][FATAL] Configuration variable date.timezone is not set, guessed timezone America/New_York. Please set date.timezone="America/New_York" in php.ini!
Tue Aug 28 10:58:13 2012 [1693][-none-][FATAL] Configuration variable date.timezone is not set, guessed timezone America/New_York. Please set date.timezone="America/New_York" in php.ini!
Tue Aug 28 10:58:15 2012 [1696][-none-][FATAL] Configuration variable date.timezone is not set, guessed timezone America/New_York. Please set date.timezone="America/New_York" in php.ini!
Tue Aug 28 10:59:17 2012 [1721][-none-][FATAL] Configuration variable date.timezone is not set, guessed timezone America/New_York. Please set date.timezone="America/New_York" in php.ini!
Tue Aug 28 10:59:33 2012 [1728][-none-][FATAL] Configuration variable date.timezone is not set, guessed timezone America/New_York. Please set date.timezone="America/New_York" in php.ini!
Tue Aug 28 10:59:34 2012 [1730][-none-][FATAL] Configuration variable date.timezone is not set, guessed timezone America/New_York. Please set date.timezone="America/New_York" in php.ini!
Tue Aug 28 10:59:36 2012 [1735][-none-][FATAL] Configuration variable date.timezone is not set, guessed timezone America/New_York. Please set date.timezone="America/New_York" in php.ini!
Tue Aug 28 10:59:46 2012 [1745][-none-][FATAL] Configuration variable date.timezone is not set, guessed timezone America/New_York. Please set date.timezone="America/New_York" in php.ini!
Tue Aug 28 10:59:50 2012 [1747][-none-][FATAL] Configuration variable date.timezone is not set, guessed timezone America/New_York. Please set date.timezone="America/New_York" in php.ini!
Tue Aug 28 10:59:51 2012 [1756][-none-][FATAL] Configuration variable date.timezone is not set, guessed timezone America/New_York. Please set date.timezone="America/New_York" in php.ini!
Tue Aug 28 11:00:14 2012 [1785][-none-][FATAL] Configuration variable date.timezone is not set, guessed timezone America/New_York. Please set date.timezone="America/New_York" in php.ini!
Tue Aug 28 11:00:15 2012 [1787][-none-][FATAL] Configuration variable date.timezone is not set, guessed timezone America/New_York. Please set date.timezone="America/New_York" in php.ini!
Tue Aug 28 11:00:21 2012 [1798][-none-][FATAL] Configuration variable date.timezone is not set, guessed timezone America/New_York. Please set date.timezone="America/New_York" in php.ini!
Tue Aug 28 11:00:21 2012 [1799][-none-][FATAL] Configuration variable date.timezone is not set, guessed timezone America/New_York. Please set date.timezone="America/New_York" in php.ini!
Tue Aug 28 11:00:22 2012 [1805][-none-][FATAL] Configuration variable date.timezone is not set, guessed timezone America/New_York. Please set date.timezone="America/New_York" in php.ini!
Tue Aug 28 11:01:29 2012 [1818][-none-][FATAL] Configuration variable date.timezone is not set, guessed timezone America/New_York. Please set date.timezone="America/New_York" in php.ini!
Tue Aug 28 11:01:29 2012 [1821][-none-][FATAL] Configuration variable date.timezone is not set, guessed timezone America/New_York. Please set date.timezone="America/New_York" in php.ini!
Tue Aug 28 11:01:58 2012 [1862][-none-][FATAL] Configuration variable date.timezone is not set, guessed timezone America/New_York. Please set date.timezone="America/New_York" in php.ini!
Tue Aug 28 11:02:02 2012 [1865][-none-][FATAL] Configuration variable date.timezone is not set, guessed timezone America/New_York. Please set date.timezone="America/New_York" in php.ini!
Tue Aug 28 11:02:26 2012 [1874][-none-][FATAL] Configuration variable date.timezone is not set, guessed timezone America/New_York. Please set date.timezone="America/New_York" in php.ini!
Tue Aug 28 11:02:33 2012 [1876][-none-][FATAL] Configuration variable date.timezone is not set, guessed timezone America/New_York. Please set date.timezone="America/New_York" in php.ini!
Tue Aug 28 11:02:33 2012 [1877][-none-][FATAL] Configuration variable date.timezone is not set, guessed timezone America/New_York. Please set date.timezone="America/New_York" in php.ini!
Tue Aug 28 11:02:39 2012 [1881][-none-][FATAL] Configuration variable date.timezone is not set, guessed timezone America/New_York. Please set date.timezone="America/New_York" in php.ini!
Tue Aug 28 11:02:40 2012 [1883][-none-][FATAL] Configuration variable date.timezone is not set, guessed timezone America/New_York. Please set date.timezone="America/New_York" in php.ini!
Tue Aug 28 11:02:42 2012 [1886][-none-][FATAL] Configuration variable date.timezone is not set, guessed timezone America/New_York. Please set date.timezone="America/New_York" in php.ini!
Tue Aug 28 11:02:48 2012 [1889][-none-][FATAL] Configuration variable date.timezone is not set, guessed timezone America/New_York. Please set date.timezone="America/New_York" in php.ini!
Tue Aug 28 11:03:05 2012 [1900][-none-][FATAL] Configuration variable date.timezone is not set, guessed timezone America/New_York. Please set date.timezone="America/New_York" in php.ini!
Tue Aug 28 11:03:23 2012 [1906][-none-][FATAL] Configuration variable date.timezone is not set, guessed timezone America/New_York. Please set date.timezone="America/New_York" in php.ini!
Tue Aug 28 11:03:35 2012 [1908][-none-][FATAL] Configuration variable date.timezone is not set, guessed timezone America/New_York. Please set date.timezone="America/New_York" in php.ini!
Tue Aug 28 11:03:40 2012 [1911][-none-][FATAL] Configuration variable date.timezone is not set, guessed timezone America/New_York. Please set date.timezone="America/New_York" in php.ini!
Tue Aug 28 11:03:42 2012 [1915][-none-][FATAL] Configuration variable date.timezone is not set, guessed timezone America/New_York. Please set date.timezone="America/New_York" in php.ini!
Tue Aug 28 11:04:04 2012 [1933][-none-][FATAL] Configuration variable date.timezone is not set, guessed timezone America/New_York. Please set date.timezone="America/New_York" in php.ini!
Tue Aug 28 11:04:04 2012 [1935][-none-][FATAL] Configuration variable date.timezone is not set, guessed timezone America/New_York. Please set date.timezone="America/New_York" in php.ini!
Tue Aug 28 11:04:07 2012 [1940][-none-][FATAL] Configuration variable date.timezone is not set, guessed timezone America/New_York. Please set date.timezone="America/New_York" in php.ini!
Tue Aug 28 11:04:18 2012 [1947][-none-][FATAL] Configuration variable date.timezone is not set, guessed timezone America/New_York. Please set date.timezone="America/New_York" in php.ini!
Tue Aug 28 11:04:19 2012 [1949][-none-][FATAL] Configuration variable date.timezone is not set, guessed timezone America/New_York. Please set date.timezone="America/New_York" in php.ini!
Tue Aug 28 11:04:38 2012 [1959][-none-][FATAL] Configuration variable date.timezone is not set, guessed timezone America/New_York. Please set date.timezone="America/New_York" in php.ini!
