Fri, 04 May 2012 13:39:20 +0000 [UpgradeWizard] - setting session variables...
Fri, 04 May 2012 13:39:20 +0000 [UpgradeWizard] - -----------------------------------------------------------------------------
Fri, 04 May 2012 13:39:20 +0000 [UpgradeWizard] - Upgrade started. At start.php
Fri, 04 May 2012 13:39:20 +0000 [UpgradeWizard] - at unlinkUWTempFiles()
Fri, 04 May 2012 13:39:21 +0000 [UpgradeWizard] - finished!
Fri, 04 May 2012 13:39:21 +0000 [UpgradeWizard] - resetting $_SESSION
Fri, 04 May 2012 13:39:25 +0000 [UpgradeWizard] - setting session variables...
Fri, 04 May 2012 13:39:25 +0000 [UpgradeWizard] - [At systemCheck.php]
Fri, 04 May 2012 13:39:25 +0000 [UpgradeWizard] - Starting file permission check...
Fri, 04 May 2012 13:40:45 +0000 [UpgradeWizard] - Finished file permission check.
Fri, 04 May 2012 13:40:45 +0000 [UpgradeWizard] - Starting database permissions check...
Fri, 04 May 2012 13:40:45 +0000 [UpgradeWizard] - Checking CREATE TABLE permissions...
Fri, 04 May 2012 13:40:45 +0000 [UpgradeWizard] - Checking INSERT INTO permissions...
Fri, 04 May 2012 13:40:45 +0000 [UpgradeWizard] - Checking UPDATE TABLE permissions...
Fri, 04 May 2012 13:40:45 +0000 [UpgradeWizard] - Checking SELECT permissions...
Fri, 04 May 2012 13:40:45 +0000 [UpgradeWizard] - Checking DELETE FROM permissions...
Fri, 04 May 2012 13:40:45 +0000 [UpgradeWizard] - Checking ALTER TABLE ADD COLUMN permissions...
Fri, 04 May 2012 13:40:45 +0000 [UpgradeWizard] - Checking ALTER TABLE CHANGE COLUMN permissions...
Fri, 04 May 2012 13:40:45 +0000 [UpgradeWizard] - Checking ALTER TABLE DROP COLUMN permissions...
Fri, 04 May 2012 13:40:45 +0000 [UpgradeWizard] - Checking DROP TABLE permissions...
Fri, 04 May 2012 13:40:45 +0000 [UpgradeWizard] - No permissions errors found!
Fri, 04 May 2012 13:40:46 +0000 [UpgradeWizard] - Finished database permissions check.
Fri, 04 May 2012 13:42:07 +0000 [UpgradeWizard] - setting session variables...
Fri, 04 May 2012 13:42:07 +0000 [UpgradeWizard] - [At cancel.php]
Fri, 04 May 2012 13:42:07 +0000 [UpgradeWizard] - cleaning up files and session.  goodbye.
Fri, 04 May 2012 13:42:07 +0000 [UpgradeWizard] - at unlinkUWTempFiles()
Fri, 04 May 2012 13:42:07 +0000 [UpgradeWizard] - finished!
Fri, 04 May 2012 13:42:07 +0000 [UpgradeWizard] - resetting $_SESSION
